
=== Mon Aug 26 15:07:45 2019

Packages were changed.
Update Mode: mergeDefaultDependencies

The following packages were updated:
  com.unity.ide.rider from version 1.0.4 to 1.0.8
  com.unity.ide.vscode from version 1.0.4 to 1.0.7

=== Wed Oct 16 20:21:34 2019

Packages were changed.
Update Mode: updateDependencies

The following packages were updated:
  com.unity.ide.rider from version 1.0.8 to 1.1.0
  com.unity.ide.vscode from version 1.0.7 to 1.1.0

=== Mon Feb  3 18:12:16 2020

Packages were changed.
Update Mode: updateDependencies

The following packages were updated:
  com.unity.analytics from version 3.3.2 to 3.3.5
  com.unity.ide.rider from version 1.1.0 to 1.1.4
  com.unity.ide.vscode from version 1.1.0 to 1.1.4
  com.unity.polybrush from version 1.0.0 to 1.0.1
  com.unity.postprocessing from version 2.1.7 to 2.3.0
  com.unity.probuilder from version 4.0.5 to 4.2.3
  com.unity.render-pipelines.lightweight from version 6.9.0 to 7.1.8
  com.unity.test-framework from version 1.0.13 to 1.1.9
  com.unity.timeline from version 1.1.0 to 1.2.10
The following packages were removed:
  com.unity.package-manager-ui@2.2.0

=== Thu Jul 16 14:06:13 2020

Packages were changed.
Update Mode: updateDependencies

The following packages were updated:
  com.unity.ads from version 2.0.8 to 3.4.7
  com.unity.ide.vscode from version 1.1.4 to 1.2.1
  com.unity.render-pipelines.lightweight from version 7.1.8 to 7.3.1
  com.unity.test-framework from version 1.1.9 to 1.1.14
